<?xml version="1.0" encoding="UTF-8"?>
<!-- Generated by org.testng.reporters.JUnitReportReporter -->
<testsuite hostname="Atharva" failures="0" tests="2" name="TestNG.Axis.ParellelTesting" time="33.791" errors="0" timestamp="2024-02-26T15:21:42 IST" skipped="0">
  <testcase classname="TestNG.Axis.ParellelTesting" name="invokefirefox" time="19.055"/>
  <system-out/>
  <testcase classname="TestNG.Axis.ParellelTesting" name="invokechrome" time="14.736"/>
  <system-out/>
</testsuite> <!-- TestNG.Axis.ParellelTesting -->
