<?xml version="1.0" encoding="UTF-8"?>
<!-- Generated by org.testng.reporters.JUnitReportReporter -->
<testsuite hostname="Atharva" failures="0" tests="4" name="TestNG.Axis.Annotations" time="0.016" errors="0" timestamp="2024-02-27T10:54:45 IST" skipped="0">
  <testcase classname="TestNG.Axis.Annotations" name="testcase2" time="0.004"/>
  <system-out/>
  <testcase classname="TestNG.Axis.Annotations" name="testcase1" time="0.008"/>
  <system-out/>
  <testcase classname="TestNG.Axis.Annotations" name="testcase3" time="0.002"/>
  <system-out/>
  <testcase classname="TestNG.Axis.Annotations" name="testcase4" time="0.002"/>
  <system-out/>
</testsuite> <!-- TestNG.Axis.Annotations -->
