<?xml version="1.0" encoding="UTF-8"?>
<!-- Generated by org.testng.reporters.JUnitReportReporter -->
<testsuite hostname="Atharva" failures="0" tests="1" name="TestNG.Axis.ParellelTesting1" time="4.538" errors="0" timestamp="2024-02-26T15:40:24 IST" skipped="0">
  <testcase classname="TestNG.Axis.ParellelTesting1" name="parameterisedtest" time="4.538"/>
  <system-out/>
</testsuite> <!-- TestNG.Axis.ParellelTesting1 -->
