<?xml version="1.0" encoding="UTF-8"?>
<!-- Generated by org.testng.reporters.JUnitReportReporter -->
<testsuite hostname="Atharva" failures="0" tests="1" name="TestNG.Axis.TEST" time="0.013" errors="0" timestamp="2024-02-26T13:33:58 IST" skipped="0">
  <testcase classname="TestNG.Axis.TEST" name="TestNG" time="0.013"/>
  <system-out/>
</testsuite> <!-- TestNG.Axis.TEST -->
