<?xml version="1.0" encoding="UTF-8"?>
<!-- Generated by org.testng.reporters.JUnitReportReporter -->
<testsuite hostname="Atharva" failures="0" tests="1" name="TestNG.Axis.InvokeChromeBrowser" time="4.598" errors="0" timestamp="2024-02-26T15:23:05 IST" skipped="0">
  <testcase classname="TestNG.Axis.InvokeChromeBrowser" name="invokechrome" time="4.598"/>
  <system-out/>
</testsuite> <!-- TestNG.Axis.InvokeChromeBrowser -->
