<?xml version="1.0" encoding="UTF-8"?>
<!-- Generated by org.testng.reporters.JUnitReportReporter -->
<testsuite hostname="Atharva" failures="0" tests="1" name="TestNG.Axis.InvokeFirefoxBrowser" time="8.341" errors="0" timestamp="2024-02-26T15:23:05 IST" skipped="0">
  <testcase classname="TestNG.Axis.InvokeFirefoxBrowser" name="invokefirefox" time="8.341"/>
  <system-out/>
</testsuite> <!-- TestNG.Axis.InvokeFirefoxBrowser -->
