<?xml version="1.0" encoding="UTF-8"?>
<!-- Generated by org.testng.reporters.JUnitReportReporter -->
<testsuite hostname="Atharva" failures="0" tests="1" name="TestNG.Axis.Softasserteg" time="8.392" errors="0" timestamp="2024-02-26T17:00:21 IST" skipped="0">
  <testcase classname="TestNG.Axis.Softasserteg" name="testassert" time="8.392"/>
  <system-out/>
</testsuite> <!-- TestNG.Axis.Softasserteg -->
