<?xml version="1.0" encoding="UTF-8"?>
<!-- Generated by org.testng.reporters.JUnitReportReporter -->
<testsuite hostname="Atharva" failures="0" tests="3" name="TestNG.Axis.EnableFalse" time="0.012" errors="0" timestamp="2024-02-26T14:29:10 IST" skipped="1">
  <testcase classname="TestNG.Axis.EnableFalse" name="testcase3eg" time="0.001"/>
  <system-out/>
  <testcase classname="TestNG.Axis.EnableFalse" name="testcase2eg" time="0.011"/>
  <system-out/>
  <testcase classname="TestNG.Axis.EnableFalse" name="testcase1eg">
    <skipped/>
  </testcase> <!-- testcase1eg -->
  <system-out/>
</testsuite> <!-- TestNG.Axis.EnableFalse -->
