<?xml version="1.0" encoding="UTF-8"?>
<!-- Generated by org.testng.reporters.JUnitReportReporter -->
<testsuite hostname="Atharva" failures="0" tests="1" name="TestNG.Axis.ListnerTestClass" time="6.236" errors="0" timestamp="2024-02-27T10:24:42 IST" skipped="0">
  <testcase classname="TestNG.Axis.ListnerTestClass" name="invokechrome" time="6.236"/>
  <system-out/>
</testsuite> <!-- TestNG.Axis.ListnerTestClass -->
