<?xml version="1.0" encoding="UTF-8"?>
<!-- Generated by org.testng.reporters.JUnitReportReporter -->
<testsuite hostname="Atharva" failures="0" tests="3" name="TestNG.Axis.PriorityTesting" time="0.013" errors="0" timestamp="2024-02-26T14:20:40 IST" skipped="0">
  <testcase classname="TestNG.Axis.PriorityTesting" name="testcase2eg" time="0.012"/>
  <system-out/>
  <testcase classname="TestNG.Axis.PriorityTesting" name="testcase3eg" time="0.000"/>
  <system-out/>
  <testcase classname="TestNG.Axis.PriorityTesting" name="testcase1eg" time="0.001"/>
  <system-out/>
</testsuite> <!-- TestNG.Axis.PriorityTesting -->
