<?xml version="1.0" encoding="UTF-8"?>
<!-- Generated by org.testng.reporters.JUnitReportReporter -->
<testsuite hostname="Atharva" failures="0" tests="3" name="TestNG.Axis.DependsOnMethodeg" time="0.012" errors="0" timestamp="2024-02-26T14:35:57 IST" skipped="0">
  <testcase classname="TestNG.Axis.DependsOnMethodeg" name="testcase2eg" time="0.001"/>
  <system-out/>
  <testcase classname="TestNG.Axis.DependsOnMethodeg" name="testcase3eg" time="0.002"/>
  <system-out/>
  <testcase classname="TestNG.Axis.DependsOnMethodeg" name="testcase1eg" time="0.009"/>
  <system-out/>
</testsuite> <!-- TestNG.Axis.DependsOnMethodeg -->
