<?xml version="1.0" encoding="UTF-8"?>
<!-- Generated by org.testng.reporters.JUnitReportReporter -->
<testsuite hostname="Atharva" failures="0" tests="1" name="TestNG.Axis.NewTest" time="0.010" errors="0" timestamp="2024-02-26T14:06:56 IST" skipped="0">
  <testcase classname="TestNG.Axis.NewTest" name="f" time="0.010"/>
  <system-out/>
</testsuite> <!-- TestNG.Axis.NewTest -->
