<?xml version="1.0" encoding="UTF-8"?>
<!-- Generated by org.testng.reporters.JUnitReportReporter -->
<testsuite hostname="Atharva" failures="0" tests="4" name="TestNG.Axis.Grouping" time="0.019" errors="0" timestamp="2024-02-26T14:54:09 IST" skipped="0">
  <testcase classname="TestNG.Axis.Grouping" name="Payment" time="0.002"/>
  <system-out/>
  <testcase classname="TestNG.Axis.Grouping" name="login" time="0.006"/>
  <system-out/>
  <testcase classname="TestNG.Axis.Grouping" name="AddTocart" time="0.010"/>
  <system-out/>
  <testcase classname="TestNG.Axis.Grouping" name="Products" time="0.001"/>
  <system-out/>
</testsuite> <!-- TestNG.Axis.Grouping -->
